<?xml version="1.0" encoding="UTF-8"?>
<testng-results ignored="0" total="0" passed="0" failed="0" skipped="0">
  <reporter-output>
  </reporter-output>
  <suite started-at="2024-05-01T06:53:16 GMT-06:00" name="Default Suite" finished-at="2024-05-01T06:53:16 GMT-06:00" duration-ms="25">
    <groups>
    </groups>
    <test started-at="2024-05-01T06:53:16 GMT-06:00" name="TestinAPI" finished-at="2024-05-01T06:53:16 GMT-06:00" duration-ms="25">
    </test> <!-- TestinAPI -->
  </suite> <!-- Default Suite -->
</testng-results>
